<?xml version="1.0" encoding="UTF-8"?>
<testng-results skipped="0" failed="0" total="1" passed="1">
  <reporter-output>
    <line>
      <![CDATA[STep2]]>
    </line>
  </reporter-output>
  <suite name="Command line suite" duration-ms="1407" started-at="2017-12-16T16:46:03Z" finished-at="2017-12-16T16:46:04Z">
    <groups>
    </groups>
    <test name="Command line test" duration-ms="1407" started-at="2017-12-16T16:46:03Z" finished-at="2017-12-16T16:46:04Z">
      <class name="com.testproject.SeleniumProject.SampleTest">
        <test-method status="PASS" signature="Start()[pri:0, instance:com.testproject.SeleniumProject.SampleTest@60f82f98]" name="Start" duration-ms="1371" started-at="2017-12-16T10:46:03Z" finished-at="2017-12-16T10:46:04Z">
          <reporter-output>
            <line>
              <![CDATA[STep2]]>
            </line>
          </reporter-output>
        </test-method> <!-- Start -->
      </class> <!-- com.testproject.SeleniumProject.SampleTest -->
    </test> <!-- Command line test -->
  </suite> <!-- Command line suite -->
</testng-results>
